circularprogress/build/intermediates/manifest_merge_blame_file/debug/processDebugManifest/manifest-merger-blame-debug-report.txt
1<?xml version="1.0" encoding="utf-8"?>
2<manifest xmlns:android="http://schemas.android.com/apk/res/android"
3    xmlns:tools="http://schemas.android.com/tools"
4    package="com.carousel.circular" >
5
6    <uses-sdk android:minSdkVersion="21" />
7
8    <application>
8-->src\main\AndroidManifest.xml:5:5-12:19
9
10        <!-- <property -->
11        <!-- android:name="android.adservices.AD_SERVICES_CONFIG" -->
12        <!-- android:resource="@xml/gma_ad_services_config" -->
13        <!-- tools:replace="android:resource" /> -->
14
15    </application>
16
17</manifest>